#
# There is insufficient memory for the Java Runtime Environment to continue.
# Native memory allocation (mmap) failed to map 201326592 bytes for Failed to commit area from 0x0000000741800000 to 0x000000074d800000 of length 201326592.
# Possible reasons:
#   The system is out of physical RAM or swap space
#   The process is running with CompressedOops enabled, and the Java Heap may be blocking the growth of the native heap
# Possible solutions:
#   Reduce memory load on the system
#   Increase physical memory or swap space
#   Check if swap backing store is full
#   Decrease Java heap size (-Xmx/-Xms)
#   Decrease number of Java threads
#   Decrease Java thread stack sizes (-Xss)
#   Set larger code cache with -XX:ReservedCodeCacheSize=
# This output file may be truncated or incomplete.
#
#  Out of Memory Error (t:/workspace/open/src/hotspot/os/windows/os_windows.cpp:3264), pid=19368, tid=6452
#
# JRE version:  (12.0.2+10) (build )
# Java VM: Java HotSpot(TM) 64-Bit Server VM (12.0.2+10, mixed mode, aot, sharing, tiered, compressed oops, g1 gc, windows-amd64)
# No core dump will be written. Minidumps are not enabled by default on client versions of Windows
#

---------------  S U M M A R Y ------------

Command Line: 

Host: Intel(R) Core(TM) i3-5010U CPU @ 2.10GHz, 4 cores, 11G,  Windows 10 , 64 bit Build 18362 (10.0.18362.329)
Time: Sat Mar 28 18:56:45 2020 India Standard Time elapsed time: 0 seconds (0d 0h 0m 0s)

---------------  T H R E A D  ---------------

Current thread (0x000002775cbb9000):  JavaThread "Unknown thread" [_thread_in_vm, id=6452, stack(0x0000008418d00000,0x0000008418e00000)]

Stack: [0x0000008418d00000,0x0000008418e00000]
Native frames: (J=compiled Java code, j=interpreted, Vv=VM code, C=native code)
V  [jvm.dll+0x63aa2a]
V  [jvm.dll+0x78ce1e]
V  [jvm.dll+0x78e4c1]
V  [jvm.dll+0x78eb13]
V  [jvm.dll+0x2627e8]
V  [jvm.dll+0x637f5a]
V  [jvm.dll+0x62c845]
V  [jvm.dll+0x31e49c]
V  [jvm.dll+0x31e2cf]
V  [jvm.dll+0x324006]
V  [jvm.dll+0x371f56]
V  [jvm.dll+0x371720]
V  [jvm.dll+0x2f845a]
V  [jvm.dll+0x2f96d2]
V  [jvm.dll+0x767267]
V  [jvm.dll+0x7689f5]
V  [jvm.dll+0x380059]
V  [jvm.dll+0x74b794]
V  [jvm.dll+0x3ef5cd]
V  [jvm.dll+0x3f1471]
C  [jli.dll+0x51cf]
C  [ucrtbase.dll+0x20e72]
C  [KERNEL32.DLL+0x17bd4]
C  [ntdll.dll+0x6ced1]


---------------  P R O C E S S  ---------------

Threads class SMR info:
_java_thread_list=0x00007ffbb1747928, length=0, elements={
}

Java Threads: ( => current thread )

Other Threads:
  0x000002775cc0b000 GCTaskThread "GC Thread#0" [stack: 0x0000008418e00000,0x0000008418f00000] [id=9528]
  0x000002775cc20800 ConcurrentGCThread "G1 Main Marker" [stack: 0x0000008418f00000,0x0000008419000000] [id=15408]
  0x000002775cc22800 ConcurrentGCThread "G1 Conc#0" [stack: 0x0000008419000000,0x0000008419100000] [id=15752]

[error occurred during error reporting (printing all threads), id 0xc0000005, EXCEPTION_ACCESS_VIOLATION (0xc0000005) at pc=0x00007ffbb0f785e7]

VM state:not at safepoint (not fully initialized)

VM Mutex/Monitor currently owned by a thread:  ([mutex/lock_event])
[0x000002775cbb3ba0] Heap_lock - owner thread: 0x000002775cbb9000

Heap address: 0x0000000741800000, size: 3048 MB, Compressed Oops mode: Non-zero based: 0x0000000741800000
Narrow klass base: 0x0000000000000000, Narrow klass shift: 0

GC Heap History (0 events):
No events

Deoptimization events (0 events):
No events

Classes redefined (0 events):
No events

Internal exceptions (0 events):
No events

Events (0 events):
No events


Dynamic libraries:
0x00007ff768d30000 - 0x00007ff768d3f000 	C:\Program Files\Java\jdk-12.0.2\bin\java.exe
0x00007ffbe78c0000 - 0x00007ffbe7ab0000 	C:\WINDOWS\SYSTEM32\ntdll.dll
0x00007ffbe6690000 - 0x00007ffbe6742000 	C:\WINDOWS\System32\KERNEL32.DLL
0x00007ffbe5220000 - 0x00007ffbe54c3000 	C:\WINDOWS\System32\KERNELBASE.dll
0x00007ffbe48f0000 - 0x00007ffbe49ea000 	C:\WINDOWS\System32\ucrtbase.dll
0x00007ffbe1520000 - 0x00007ffbe1538000 	C:\Program Files\Java\jdk-12.0.2\bin\jli.dll
0x00007ffbe6570000 - 0x00007ffbe6613000 	C:\WINDOWS\System32\ADVAPI32.dll
0x00007ffbe7460000 - 0x00007ffbe74fe000 	C:\WINDOWS\System32\msvcrt.dll
0x00007ffbe5d10000 - 0x00007ffbe5da7000 	C:\WINDOWS\System32\sechost.dll
0x00007ffbe5b40000 - 0x00007ffbe5c60000 	C:\WINDOWS\System32\RPCRT4.dll
0x00007ffbe76e0000 - 0x00007ffbe7874000 	C:\WINDOWS\System32\USER32.dll
0x00007ffbe14e0000 - 0x00007ffbe14f6000 	C:\Program Files\Java\jdk-12.0.2\bin\VCRUNTIME140.dll
0x00007ffbe5580000 - 0x00007ffbe55a1000 	C:\WINDOWS\System32\win32u.dll
0x00007ffbe5ce0000 - 0x00007ffbe5d06000 	C:\WINDOWS\System32\GDI32.dll
0x00007ffbd5f20000 - 0x00007ffbd61a5000 	C:\WINDOWS\WinSxS\amd64_microsoft.windows.common-controls_6595b64144ccf1df_6.0.18362.720_none_e6beb5c51314836b\COMCTL32.dll
0x00007ffbe55b0000 - 0x00007ffbe5744000 	C:\WINDOWS\System32\gdi32full.dll
0x00007ffbe68a0000 - 0x00007ffbe6bd6000 	C:\WINDOWS\System32\combase.dll
0x00007ffbe4850000 - 0x00007ffbe48ee000 	C:\WINDOWS\System32\msvcp_win.dll
0x00007ffbe49f0000 - 0x00007ffbe4a70000 	C:\WINDOWS\System32\bcryptPrimitives.dll
0x00007ffbdb6f0000 - 0x00007ffbdb6fa000 	C:\WINDOWS\SYSTEM32\VERSION.dll
0x00007ffbe76b0000 - 0x00007ffbe76de000 	C:\WINDOWS\System32\IMM32.DLL
0x00007ffbc8610000 - 0x00007ffbc86ba000 	C:\Program Files\Java\jdk-12.0.2\bin\msvcp140.dll
0x00007ffbb0c70000 - 0x00007ffbb17e7000 	C:\Program Files\Java\jdk-12.0.2\bin\server\jvm.dll
0x00007ffbe64b0000 - 0x00007ffbe64b8000 	C:\WINDOWS\System32\PSAPI.DLL
0x00007ffbe1160000 - 0x00007ffbe1184000 	C:\WINDOWS\SYSTEM32\WINMM.dll
0x00007ffbe0270000 - 0x00007ffbe0279000 	C:\WINDOWS\SYSTEM32\WSOCK32.dll
0x00007ffbe6620000 - 0x00007ffbe668f000 	C:\WINDOWS\System32\WS2_32.dll
0x00007ffbe1130000 - 0x00007ffbe115d000 	C:\WINDOWS\SYSTEM32\winmmbase.dll
0x00007ffbe5750000 - 0x00007ffbe579a000 	C:\WINDOWS\System32\cfgmgr32.dll
0x00007ffbe47e0000 - 0x00007ffbe47f1000 	C:\WINDOWS\System32\kernel.appcore.dll
0x00007ffbccb90000 - 0x00007ffbccba1000 	C:\Program Files\Java\jdk-12.0.2\bin\verify.dll
0x00007ffbd30e0000 - 0x00007ffbd32d4000 	C:\WINDOWS\SYSTEM32\DBGHELP.DLL
0x00007ffbd2d70000 - 0x00007ffbd2d9a000 	C:\WINDOWS\SYSTEM32\dbgcore.DLL
0x00007ffbcc820000 - 0x00007ffbcc846000 	C:\Program Files\Java\jdk-12.0.2\bin\java.dll
0x00007ffbccad0000 - 0x00007ffbccae7000 	C:\Program Files\Java\jdk-12.0.2\bin\zip.dll
0x00007ffbe1510000 - 0x00007ffbe151a000 	C:\Program Files\Java\jdk-12.0.2\bin\jimage.dll

dbghelp: loaded successfully - version: 4.0.5 - missing functions: none
symbol engine: initialized successfully - sym options: 0x614 - pdb path: .;C:\Program Files\Java\jdk-12.0.2\bin;C:\WINDOWS\SYSTEM32;C:\WINDOWS\WinSxS\amd64_microsoft.windows.common-controls_6595b64144ccf1df_6.0.18362.720_none_e6beb5c51314836b;C:\Program Files\Java\jdk-12.0.2\bin\server

VM Arguments:
java_command: <unknown>
java_class_path (initial): <not set>
Launcher Type: SUN_STANDARD

[Global flags]
     intx CICompilerCount                          = 3                                         {product} {ergonomic}
     uint ConcGCThreads                            = 1                                         {product} {ergonomic}
     uint G1ConcRefinementThreads                  = 4                                         {product} {ergonomic}
   size_t G1HeapRegionSize                         = 1048576                                   {product} {ergonomic}
    uintx GCDrainStackTargetSize                   = 64                                        {product} {ergonomic}
   size_t InitialHeapSize                          = 201326592                                 {product} {ergonomic}
   size_t MarkStackSize                            = 4194304                                   {product} {ergonomic}
   size_t MaxHeapSize                              = 3196059648                                {product} {ergonomic}
   size_t MinHeapDeltaBytes                        = 1048576                                   {product} {ergonomic}
    uintx NonNMethodCodeHeapSize                   = 5830732                                {pd product} {ergonomic}
    uintx NonProfiledCodeHeapSize                  = 122913754                              {pd product} {ergonomic}
    uintx ProfiledCodeHeapSize                     = 122913754                              {pd product} {ergonomic}
    uintx ReservedCodeCacheSize                    = 251658240                              {pd product} {ergonomic}
     bool SegmentedCodeCache                       = true                                      {product} {ergonomic}
     bool UseCompressedClassPointers               = true                                 {lp64_product} {ergonomic}
     bool UseCompressedOops                        = true                                 {lp64_product} {ergonomic}
     bool UseG1GC                                  = true                                      {product} {ergonomic}
     bool UseLargePagesIndividualAllocation        = false                                  {pd product} {ergonomic}

Logging:
Log output configuration:
 #0: stdout all=warning uptime,level,tags
 #1: stderr all=off uptime,level,tags

Environment Variables:
PATH=C:\Users\DeepiakP\flutter\bin;C:\Program Files\Java\jdk-12.0.2\bin;C:\Program Files (x86)\Common Files\Oracle\Java\javapath;C:\Program Files\R\R-3.6.1\bin\x64;C:\Python27;C:\Users\DeepiakP\AppData\Local\Programs\Python\Python37-32;C:\Program Files\MongoDB\Server\4.0\bin;C:\TDM-GCC-64\bin;C:\WINDOWS\system32;C:\WINDOWS;C:\WINDOWS\System32\Wbem;C:\WINDOWS\System32\WindowsPowerShell\v1.0\;C:\Users\DeepiakP\AppData\Local\Programs\Python\Python37-32\Scripts;C:\Program Files\nodejs\;C:\Program Files\Git\cmd;C:\Go\bin;C:\Users\DeepiakP\AppData\Local\Temp\curl-7.68.0-win64-mingw\bin;C:\Program Files\Docker\Docker\resources\bin;C:\ProgramData\DockerDesktop\version-bin;;C:\WINDOWS\System32\OpenSSH\;C:\Users\DeepiakP\.windows-build-tools\python27\;C:\Users\DeepiakP\AppData\Local\Microsoft\WindowsApps;C:\TDM-GCC-64\bin;C:\Users\DeepiakP\.windows-build-tools\python27;C:\Python27;C:\Users\DeepiakP\AppData\Roaming\npm;C:\Users\DeepiakP\AppData\Local\Programs\Python\Python37-32\Scripts;C:\Users\DeepiakP\AppData\Local\Programs\Microsoft VS Code\bin;C:\Users\DeepiakP\flutter\bin;C:\Users\DeepiakP\go\bin;C:\Users\DeepiakP\AppData\Local\Temp\curl-7.68.0-win64-mingw\bin;C:\Users\DeepiakP\AppData\Local\Microsoft\WindowsApps;;C:\Users\DeepiakP\flutter\bin\mingit\cmd
USERNAME=DeepiakP
OS=Windows_NT
PROCESSOR_IDENTIFIER=Intel64 Family 6 Model 61 Stepping 4, GenuineIntel



---------------  S Y S T E M  ---------------

OS: Windows 10 , 64 bit Build 18362 (10.0.18362.329)

CPU:total 4 (initial active 4) (2 cores per cpu, 2 threads per core) family 6 model 61 stepping 4, cmov, cx8, fxsr, mmx, sse, sse2, sse3, ssse3, sse4.1, sse4.2, popcnt, avx, avx2, aes, clmul, erms, 3dnowpref, lzcnt, ht, tsc, tscinvbit, bmi1, bmi2, adx, fma

Memory: 4k page, system-wide physical 12190M (1280M free)
TotalPageFile size 26076M (AvailPageFile size 38M)
current process WorkingSet (physical memory assigned to process): 9M, peak: 9M
current process commit charge ("private bytes"): 52M, peak: 244M

vm_info: Java HotSpot(TM) 64-Bit Server VM (12.0.2+10) for windows-amd64 JRE (12.0.2+10), built on Jul 16 2019 01:56:17 by "mach5one" with MS VC++ 15.5 (VS2017)

END.
